/home/wwojtak/time4hri_dnf/install/dnf_cognitive_architecture_extended/lib/python3.10/site-packages/dnf_cognitive_architecture_extended/input_matrix.py
/home/wwojtak/time4hri_dnf/install/dnf_cognitive_architecture_extended/lib/python3.10/site-packages/dnf_cognitive_architecture_extended/output_node.py
/home/wwojtak/time4hri_dnf/install/dnf_cognitive_architecture_extended/lib/python3.10/site-packages/dnf_cognitive_architecture_extended/dnf_model_recall.py
/home/wwojtak/time4hri_dnf/install/dnf_cognitive_architecture_extended/lib/python3.10/site-packages/dnf_cognitive_architecture_extended/dnf_model_learning.py
/home/wwojtak/time4hri_dnf/install/dnf_cognitive_architecture_extended/lib/python3.10/site-packages/dnf_cognitive_architecture_extended/rabbitmq_input_matrix.py
/home/wwojtak/time4hri_dnf/install/dnf_cognitive_architecture_extended/lib/python3.10/site-packages/dnf_cognitive_architecture_extended/rabbit_subscriber_node.py
/home/wwojtak/time4hri_dnf/install/dnf_cognitive_architecture_extended/lib/python3.10/site-packages/dnf_cognitive_architecture_extended/__init__.py
/home/wwojtak/time4hri_dnf/install/dnf_cognitive_architecture_extended/lib/python3.10/site-packages/dnf_cognitive_architecture_extended/__pycache__/input_matrix.cpython-310.pyc
/home/wwojtak/time4hri_dnf/install/dnf_cognitive_architecture_extended/lib/python3.10/site-packages/dnf_cognitive_architecture_extended/__pycache__/output_node.cpython-310.pyc
/home/wwojtak/time4hri_dnf/install/dnf_cognitive_architecture_extended/lib/python3.10/site-packages/dnf_cognitive_architecture_extended/__pycache__/dnf_model_recall.cpython-310.pyc
/home/wwojtak/time4hri_dnf/install/dnf_cognitive_architecture_extended/lib/python3.10/site-packages/dnf_cognitive_architecture_extended/__pycache__/dnf_model_learning.cpython-310.pyc
/home/wwojtak/time4hri_dnf/install/dnf_cognitive_architecture_extended/lib/python3.10/site-packages/dnf_cognitive_architecture_extended/__pycache__/rabbitmq_input_matrix.cpython-310.pyc
/home/wwojtak/time4hri_dnf/install/dnf_cognitive_architecture_extended/lib/python3.10/site-packages/dnf_cognitive_architecture_extended/__pycache__/rabbit_subscriber_node.cpython-310.pyc
/home/wwojtak/time4hri_dnf/install/dnf_cognitive_architecture_extended/lib/python3.10/site-packages/dnf_cognitive_architecture_extended/__pycache__/__init__.cpython-310.pyc
/home/wwojtak/time4hri_dnf/install/dnf_cognitive_architecture_extended/share/ament_index/resource_index/packages/dnf_cognitive_architecture_extended
/home/wwojtak/time4hri_dnf/install/dnf_cognitive_architecture_extended/share/dnf_cognitive_architecture_extended/package.xml
/home/wwojtak/time4hri_dnf/install/dnf_cognitive_architecture_extended/share/dnf_cognitive_architecture_extended/launch/dnf_recall_launch.py
/home/wwojtak/time4hri_dnf/install/dnf_cognitive_architecture_extended/share/dnf_cognitive_architecture_extended/launch/dnf_learn_launch.py
/home/wwojtak/time4hri_dnf/install/dnf_cognitive_architecture_extended/lib/python3.10/site-packages/dnf_cognitive_architecture_extended-0.0.0-py3.10.egg-info/zip-safe
/home/wwojtak/time4hri_dnf/install/dnf_cognitive_architecture_extended/lib/python3.10/site-packages/dnf_cognitive_architecture_extended-0.0.0-py3.10.egg-info/top_level.txt
/home/wwojtak/time4hri_dnf/install/dnf_cognitive_architecture_extended/lib/python3.10/site-packages/dnf_cognitive_architecture_extended-0.0.0-py3.10.egg-info/PKG-INFO
/home/wwojtak/time4hri_dnf/install/dnf_cognitive_architecture_extended/lib/python3.10/site-packages/dnf_cognitive_architecture_extended-0.0.0-py3.10.egg-info/entry_points.txt
/home/wwojtak/time4hri_dnf/install/dnf_cognitive_architecture_extended/lib/python3.10/site-packages/dnf_cognitive_architecture_extended-0.0.0-py3.10.egg-info/requires.txt
/home/wwojtak/time4hri_dnf/install/dnf_cognitive_architecture_extended/lib/python3.10/site-packages/dnf_cognitive_architecture_extended-0.0.0-py3.10.egg-info/SOURCES.txt
/home/wwojtak/time4hri_dnf/install/dnf_cognitive_architecture_extended/lib/python3.10/site-packages/dnf_cognitive_architecture_extended-0.0.0-py3.10.egg-info/dependency_links.txt
/home/wwojtak/time4hri_dnf/install/dnf_cognitive_architecture_extended/lib/dnf_cognitive_architecture_extended/dnf_model_learning
/home/wwojtak/time4hri_dnf/install/dnf_cognitive_architecture_extended/lib/dnf_cognitive_architecture_extended/dnf_model_recall
/home/wwojtak/time4hri_dnf/install/dnf_cognitive_architecture_extended/lib/dnf_cognitive_architecture_extended/input_matrix
/home/wwojtak/time4hri_dnf/install/dnf_cognitive_architecture_extended/lib/dnf_cognitive_architecture_extended/output_node
/home/wwojtak/time4hri_dnf/install/dnf_cognitive_architecture_extended/lib/dnf_cognitive_architecture_extended/rabbit_subscriber_node
/home/wwojtak/time4hri_dnf/install/dnf_cognitive_architecture_extended/lib/dnf_cognitive_architecture_extended/rabbitmq_input_matrix
