[0.642s] Invoking command in '/home/wwojtak/time4hri_dnf/src/dnf_cognitive_architecture_extended': PYTHONPATH=/home/wwojtak/time4hri_dnf/build/dnf_cognitive_architecture_extended/prefix_override:/usr/lib/python3/dist-packages/colcon_core/task/python/colcon_distutils_commands:/home/wwojtak/time4hri_dnf/install/dnf_cognitive_architecture_extended/lib/python3.10/site-packages:${PYTHONPATH} /usr/bin/python3 -W ignore:setup.py install is deprecated -W ignore:easy_install command is deprecated setup.py egg_info --egg-base ../../build/dnf_cognitive_architecture_extended build --build-base /home/wwojtak/time4hri_dnf/build/dnf_cognitive_architecture_extended/build install --record /home/wwojtak/time4hri_dnf/build/dnf_cognitive_architecture_extended/install.log --single-version-externally-managed install_data
[0.825s] running egg_info
[0.825s] creating ../../build/dnf_cognitive_architecture_extended/dnf_cognitive_architecture_extended.egg-info
[0.826s] writing manifest file '../../build/dnf_cognitive_architecture_extended/dnf_cognitive_architecture_extended.egg-info/SOURCES.txt'
[0.842s] writing manifest file '../../build/dnf_cognitive_architecture_extended/dnf_cognitive_architecture_extended.egg-info/SOURCES.txt'
[0.844s] running build
[0.844s] running build_py
[0.844s] creating /home/wwojtak/time4hri_dnf/build/dnf_cognitive_architecture_extended/build
[0.844s] creating /home/wwojtak/time4hri_dnf/build/dnf_cognitive_architecture_extended/build/lib
[0.845s] creating /home/wwojtak/time4hri_dnf/build/dnf_cognitive_architecture_extended/build/lib/dnf_cognitive_architecture_extended
[0.845s] copying dnf_cognitive_architecture_extended/input_matrix.py -> /home/wwojtak/time4hri_dnf/build/dnf_cognitive_architecture_extended/build/lib/dnf_cognitive_architecture_extended
[0.845s] copying dnf_cognitive_architecture_extended/output_node.py -> /home/wwojtak/time4hri_dnf/build/dnf_cognitive_architecture_extended/build/lib/dnf_cognitive_architecture_extended
[0.845s] copying dnf_cognitive_architecture_extended/dnf_model_recall.py -> /home/wwojtak/time4hri_dnf/build/dnf_cognitive_architecture_extended/build/lib/dnf_cognitive_architecture_extended
[0.845s] copying dnf_cognitive_architecture_extended/dnf_model_learning.py -> /home/wwojtak/time4hri_dnf/build/dnf_cognitive_architecture_extended/build/lib/dnf_cognitive_architecture_extended
[0.845s] copying dnf_cognitive_architecture_extended/rabbitmq_input_matrix.py -> /home/wwojtak/time4hri_dnf/build/dnf_cognitive_architecture_extended/build/lib/dnf_cognitive_architecture_extended
[0.845s] copying dnf_cognitive_architecture_extended/rabbit_subscriber_node.py -> /home/wwojtak/time4hri_dnf/build/dnf_cognitive_architecture_extended/build/lib/dnf_cognitive_architecture_extended
[0.845s] copying dnf_cognitive_architecture_extended/__init__.py -> /home/wwojtak/time4hri_dnf/build/dnf_cognitive_architecture_extended/build/lib/dnf_cognitive_architecture_extended
[0.845s] running install
[0.846s] running install_lib
[0.846s] creating /home/wwojtak/time4hri_dnf/install/dnf_cognitive_architecture_extended/lib/python3.10/site-packages/dnf_cognitive_architecture_extended
[0.847s] byte-compiling /home/wwojtak/time4hri_dnf/install/dnf_cognitive_architecture_extended/lib/python3.10/site-packages/dnf_cognitive_architecture_extended/input_matrix.py to input_matrix.cpython-310.pyc
[0.848s] byte-compiling /home/wwojtak/time4hri_dnf/install/dnf_cognitive_architecture_extended/lib/python3.10/site-packages/dnf_cognitive_architecture_extended/output_node.py to output_node.cpython-310.pyc
[0.848s] byte-compiling /home/wwojtak/time4hri_dnf/install/dnf_cognitive_architecture_extended/lib/python3.10/site-packages/dnf_cognitive_architecture_extended/dnf_model_recall.py to dnf_model_recall.cpython-310.pyc
[0.850s] byte-compiling /home/wwojtak/time4hri_dnf/install/dnf_cognitive_architecture_extended/lib/python3.10/site-packages/dnf_cognitive_architecture_extended/dnf_model_learning.py to dnf_model_learning.cpython-310.pyc
[0.851s] byte-compiling /home/wwojtak/time4hri_dnf/install/dnf_cognitive_architecture_extended/lib/python3.10/site-packages/dnf_cognitive_architecture_extended/rabbitmq_input_matrix.py to rabbitmq_input_matrix.cpython-310.pyc
[0.851s] byte-compiling /home/wwojtak/time4hri_dnf/install/dnf_cognitive_architecture_extended/lib/python3.10/site-packages/dnf_cognitive_architecture_extended/rabbit_subscriber_node.py to rabbit_subscriber_node.cpython-310.pyc
[0.852s] byte-compiling /home/wwojtak/time4hri_dnf/install/dnf_cognitive_architecture_extended/lib/python3.10/site-packages/dnf_cognitive_architecture_extended/__init__.py to __init__.cpython-310.pyc
[0.852s] running install_data
[0.852s] creating /home/wwojtak/time4hri_dnf/install/dnf_cognitive_architecture_extended/share/ament_index
[0.852s] creating /home/wwojtak/time4hri_dnf/install/dnf_cognitive_architecture_extended/share/ament_index/resource_index
[0.853s] creating /home/wwojtak/time4hri_dnf/install/dnf_cognitive_architecture_extended/share/ament_index/resource_index/packages
[0.853s] copying resource/dnf_cognitive_architecture_extended -> /home/wwojtak/time4hri_dnf/install/dnf_cognitive_architecture_extended/share/ament_index/resource_index/packages
[0.853s] copying package.xml -> /home/wwojtak/time4hri_dnf/install/dnf_cognitive_architecture_extended/share/dnf_cognitive_architecture_extended
[0.853s] creating /home/wwojtak/time4hri_dnf/install/dnf_cognitive_architecture_extended/share/dnf_cognitive_architecture_extended/launch
[0.853s] copying launch/dnf_recall_launch.py -> /home/wwojtak/time4hri_dnf/install/dnf_cognitive_architecture_extended/share/dnf_cognitive_architecture_extended/launch
[0.853s] copying launch/dnf_learn_launch.py -> /home/wwojtak/time4hri_dnf/install/dnf_cognitive_architecture_extended/share/dnf_cognitive_architecture_extended/launch
[0.853s] running install_egg_info
[0.854s] Copying ../../build/dnf_cognitive_architecture_extended/dnf_cognitive_architecture_extended.egg-info to /home/wwojtak/time4hri_dnf/install/dnf_cognitive_architecture_extended/lib/python3.10/site-packages/dnf_cognitive_architecture_extended-0.0.0-py3.10.egg-info
[0.855s] running install_scripts
[0.866s] writing list of installed files to '/home/wwojtak/time4hri_dnf/build/dnf_cognitive_architecture_extended/install.log'
[0.883s] Invoked command in '/home/wwojtak/time4hri_dnf/src/dnf_cognitive_architecture_extended' returned '0': PYTHONPATH=/home/wwojtak/time4hri_dnf/build/dnf_cognitive_architecture_extended/prefix_override:/usr/lib/python3/dist-packages/colcon_core/task/python/colcon_distutils_commands:/home/wwojtak/time4hri_dnf/install/dnf_cognitive_architecture_extended/lib/python3.10/site-packages:${PYTHONPATH} /usr/bin/python3 -W ignore:setup.py install is deprecated -W ignore:easy_install command is deprecated setup.py egg_info --egg-base ../../build/dnf_cognitive_architecture_extended build --build-base /home/wwojtak/time4hri_dnf/build/dnf_cognitive_architecture_extended/build install --record /home/wwojtak/time4hri_dnf/build/dnf_cognitive_architecture_extended/install.log --single-version-externally-managed install_data
